build/app/intermediates/manifest_merge_blame_file/debug/manifest-merger-blame-debug-report.txt
1<?xml version="1.0" encoding="utf-8"?>
2<manifest xmlns:android="http://schemas.android.com/apk/res/android"
3    package="com.dts.flutterfcm"
4    android:versionCode="1"
5    android:versionName="1.0.0" >
6
7    <uses-sdk
8        android:minSdkVersion="19"
9        android:targetSdkVersion="30" />
10    <!--
11         Flutter needs it to communicate with the running application
12         to allow setting breakpoints, to provide hot reload, etc.
13    -->
14    <uses-permission android:name="android.permission.INTERNET" />
14-->src/debug/AndroidManifest.xml:6:5-66
14-->src/debug/AndroidManifest.xml:6:22-64
15    <uses-permission android:name="android.permission.WAKE_LOCK" />
15-->[:firebase_messaging] AndroidManifest.xml:8:5-68
15-->[:firebase_messaging] AndroidManifest.xml:8:22-65
16    <uses-permission android:name="android.permission.ACCESS_NETWORK_STATE" />
16-->[:firebase_messaging] AndroidManifest.xml:9:5-79
16-->[:firebase_messaging] AndroidManifest.xml:9:22-76
17    <uses-permission android:name="android.permission.RECEIVE_BOOT_COMPLETED" />
17-->[:flutter_local_notifications] AndroidManifest.xml:7:5-81
17-->[:flutter_local_notifications] AndroidManifest.xml:7:22-78
18    <uses-permission android:name="android.permission.VIBRATE" />
18-->[:flutter_local_notifications] AndroidManifest.xml:8:5-66
18-->[:flutter_local_notifications] AndroidManifest.xml:8:22-63
19    <uses-permission android:name="android.permission.USE_FULL_SCREEN_INTENT" />
19-->[:flutter_local_notifications] AndroidManifest.xml:9:5-81
19-->[:flutter_local_notifications] AndroidManifest.xml:9:22-78
20    <uses-permission android:name="android.permission.SCHEDULE_EXACT_ALARM" />
20-->[:flutter_local_notifications] AndroidManifest.xml:10:5-79
20-->[:flutter_local_notifications] AndroidManifest.xml:10:22-76
21    <uses-permission android:name="android.permission.POST_NOTIFICATIONS" /> <!-- Required by older versions of Google Play services to create IID tokens -->
21-->[com.google.firebase:firebase-messaging:23.0.6] AndroidManifest.xml:26:5-77
21-->[com.google.firebase:firebase-messaging:23.0.6] AndroidManifest.xml:26:22-74
22    <uses-permission android:name="com.google.android.c2dm.permission.RECEIVE" />
22-->[com.google.firebase:firebase-messaging:23.0.6] AndroidManifest.xml:29:5-82
22-->[com.google.firebase:firebase-messaging:23.0.6] AndroidManifest.xml:29:22-79
23    <uses-permission android:name="com.google.android.gms.permission.AD_ID" />
23-->[com.google.android.gms:play-services-measurement-api:21.1.0] AndroidManifest.xml:25:5-79
23-->[com.google.android.gms:play-services-measurement-api:21.1.0] AndroidManifest.xml:25:22-76
24    <uses-permission android:name="com.google.android.finsky.permission.BIND_GET_INSTALL_REFERRER_SERVICE" />
24-->[com.google.android.gms:play-services-measurement:21.1.0] AndroidManifest.xml:26:5-110
24-->[com.google.android.gms:play-services-measurement:21.1.0] AndroidManifest.xml:26:22-107
25
26    <application
26-->src/main/AndroidManifest.xml:3:4-40:19
27        android:appComponentFactory="androidx.core.app.CoreComponentFactory"
27-->[androidx.core:core:1.6.0] AndroidManifest.xml:24:18-86
28        android:debuggable="true"
29        android:icon="@mipmap/ic_launcher"
29-->src/main/AndroidManifest.xml:5:9-43
30        android:label="flutterfcm" >
30-->src/main/AndroidManifest.xml:4:9-35
31        <activity
31-->src/main/AndroidManifest.xml:6:9-34:20
32            android:name="com.dts.flutterfcm.MainActivity"
32-->src/main/AndroidManifest.xml:7:13-41
33            android:configChanges="orientation|keyboardHidden|keyboard|screenSize|smallestScreenSize|locale|layoutDirection|fontScale|screenLayout|density|uiMode"
33-->src/main/AndroidManifest.xml:10:13-163
34            android:hardwareAccelerated="true"
34-->src/main/AndroidManifest.xml:11:13-47
35            android:launchMode="singleTop"
35-->src/main/AndroidManifest.xml:8:13-43
36            android:theme="@style/LaunchTheme"
36-->src/main/AndroidManifest.xml:9:13-47
37            android:windowSoftInputMode="adjustResize" >
37-->src/main/AndroidManifest.xml:12:13-55
38
39            <!--
40                 Specifies an Android theme to apply to this Activity as soon as
41                 the Android process has started. This theme is visible to the user
42                 while the Flutter UI initializes. After that, this theme continues
43                 to determine the Window background behind the Flutter UI.
44            -->
45            <meta-data
45-->src/main/AndroidManifest.xml:17:13-20:17
46                android:name="io.flutter.embedding.android.NormalTheme"
46-->src/main/AndroidManifest.xml:18:15-70
47                android:resource="@style/NormalTheme" />
47-->src/main/AndroidManifest.xml:19:15-52
48            <!--
49                 Displays an Android View that continues showing the launch screen
50                 Drawable until Flutter paints its first frame, then this splash
51                 screen fades out. A splash screen is useful to avoid any visual
52                 gap between the end of Android's launch screen and the painting of
53                 Flutter's first frame.
54            -->
55            <meta-data
55-->src/main/AndroidManifest.xml:26:13-29:17
56                android:name="io.flutter.embedding.android.SplashScreenDrawable"
56-->src/main/AndroidManifest.xml:27:15-79
57                android:resource="@drawable/launch_background" />
57-->src/main/AndroidManifest.xml:28:15-61
58
59            <intent-filter>
59-->src/main/AndroidManifest.xml:30:13-33:29
60                <action android:name="android.intent.action.MAIN" />
60-->src/main/AndroidManifest.xml:31:17-68
60-->src/main/AndroidManifest.xml:31:25-66
61
62                <category android:name="android.intent.category.LAUNCHER" />
62-->src/main/AndroidManifest.xml:32:17-76
62-->src/main/AndroidManifest.xml:32:27-74
63            </intent-filter>
64        </activity>
65        <!--
66             Don't delete the meta-data below.
67             This is used by the Flutter tool to generate GeneratedPluginRegistrant.java
68        -->
69        <meta-data
69-->src/main/AndroidManifest.xml:37:9-39:33
70            android:name="flutterEmbedding"
70-->src/main/AndroidManifest.xml:38:13-44
71            android:value="2" />
71-->src/main/AndroidManifest.xml:39:13-30
72
73        <service
73-->[:firebase_messaging] AndroidManifest.xml:12:9-15:72
74            android:name="io.flutter.plugins.firebase.messaging.FlutterFirebaseMessagingBackgroundService"
74-->[:firebase_messaging] AndroidManifest.xml:13:13-107
75            android:exported="false"
75-->[:firebase_messaging] AndroidManifest.xml:14:13-37
76            android:permission="android.permission.BIND_JOB_SERVICE" />
76-->[:firebase_messaging] AndroidManifest.xml:15:13-69
77        <service
77-->[:firebase_messaging] AndroidManifest.xml:16:9-22:19
78            android:name="io.flutter.plugins.firebase.messaging.FlutterFirebaseMessagingService"
78-->[:firebase_messaging] AndroidManifest.xml:17:13-97
79            android:exported="false" >
79-->[:firebase_messaging] AndroidManifest.xml:18:13-37
80            <intent-filter>
80-->[:firebase_messaging] AndroidManifest.xml:19:13-21:29
81                <action android:name="com.google.firebase.MESSAGING_EVENT" />
81-->[:firebase_messaging] AndroidManifest.xml:20:17-78
81-->[:firebase_messaging] AndroidManifest.xml:20:25-75
82            </intent-filter>
83        </service>
84
85        <receiver
85-->[:firebase_messaging] AndroidManifest.xml:24:9-31:20
86            android:name="io.flutter.plugins.firebase.messaging.FlutterFirebaseMessagingReceiver"
86-->[:firebase_messaging] AndroidManifest.xml:25:13-98
87            android:exported="true"
87-->[:firebase_messaging] AndroidManifest.xml:26:13-36
88            android:permission="com.google.android.c2dm.permission.SEND" >
88-->[:firebase_messaging] AndroidManifest.xml:27:13-73
89            <intent-filter>
89-->[:firebase_messaging] AndroidManifest.xml:28:13-30:29
90                <action android:name="com.google.android.c2dm.intent.RECEIVE" />
90-->[:firebase_messaging] AndroidManifest.xml:29:17-81
90-->[:firebase_messaging] AndroidManifest.xml:29:25-78
91            </intent-filter>
92        </receiver>
93
94        <service
94-->[:firebase_messaging] AndroidManifest.xml:33:9-37:19
95            android:name="com.google.firebase.components.ComponentDiscoveryService"
95-->[:firebase_messaging] AndroidManifest.xml:33:18-89
96            android:directBootAware="true"
96-->[com.google.firebase:firebase-common:20.1.1] AndroidManifest.xml:35:13-43
97            android:exported="false" >
97-->[com.google.firebase:firebase-messaging:23.0.6] AndroidManifest.xml:55:13-37
98            <meta-data
98-->[:firebase_messaging] AndroidManifest.xml:34:13-36:85
99                android:name="com.google.firebase.components:io.flutter.plugins.firebase.messaging.FlutterFirebaseAppRegistrar"
99-->[:firebase_messaging] AndroidManifest.xml:35:17-128
100                android:value="com.google.firebase.components.ComponentRegistrar" />
100-->[:firebase_messaging] AndroidManifest.xml:36:17-82
101            <meta-data
101-->[:firebase_core] AndroidManifest.xml:9:13-11:85
102                android:name="com.google.firebase.components:io.flutter.plugins.firebase.core.FlutterFirebaseCoreRegistrar"
102-->[:firebase_core] AndroidManifest.xml:10:17-124
103                android:value="com.google.firebase.components.ComponentRegistrar" />
103-->[:firebase_core] AndroidManifest.xml:11:17-82
104            <meta-data
104-->[com.google.firebase:firebase-messaging:23.0.6] AndroidManifest.xml:56:13-58:85
105                android:name="com.google.firebase.components:com.google.firebase.messaging.FirebaseMessagingRegistrar"
105-->[com.google.firebase:firebase-messaging:23.0.6] AndroidManifest.xml:57:17-119
106                android:value="com.google.firebase.components.ComponentRegistrar" />
106-->[com.google.firebase:firebase-messaging:23.0.6] AndroidManifest.xml:58:17-82
107            <meta-data
107-->[com.google.firebase:firebase-datatransport:18.1.5] AndroidManifest.xml:28:13-30:85
108                android:name="com.google.firebase.components:com.google.firebase.datatransport.TransportRegistrar"
108-->[com.google.firebase:firebase-datatransport:18.1.5] AndroidManifest.xml:29:17-115
109                android:value="com.google.firebase.components.ComponentRegistrar" />
109-->[com.google.firebase:firebase-datatransport:18.1.5] AndroidManifest.xml:30:17-82
110            <meta-data
110-->[com.google.android.gms:play-services-measurement-api:21.1.0] AndroidManifest.xml:31:13-33:85
111                android:name="com.google.firebase.components:com.google.firebase.analytics.connector.internal.AnalyticsConnectorRegistrar"
111-->[com.google.android.gms:play-services-measurement-api:21.1.0] AndroidManifest.xml:32:17-139
112                android:value="com.google.firebase.components.ComponentRegistrar" />
112-->[com.google.android.gms:play-services-measurement-api:21.1.0] AndroidManifest.xml:33:17-82
113            <meta-data
113-->[com.google.firebase:firebase-installations:17.0.1] AndroidManifest.xml:18:13-20:85
114                android:name="com.google.firebase.components:com.google.firebase.installations.FirebaseInstallationsRegistrar"
114-->[com.google.firebase:firebase-installations:17.0.1] AndroidManifest.xml:19:17-127
115                android:value="com.google.firebase.components.ComponentRegistrar" />
115-->[com.google.firebase:firebase-installations:17.0.1] AndroidManifest.xml:20:17-82
116        </service>
117
118        <provider
118-->[:firebase_messaging] AndroidManifest.xml:39:9-43:38
119            android:name="io.flutter.plugins.firebase.messaging.FlutterFirebaseMessagingInitProvider"
119-->[:firebase_messaging] AndroidManifest.xml:40:13-102
120            android:authorities="com.dts.flutterfcm.flutterfirebasemessaginginitprovider"
120-->[:firebase_messaging] AndroidManifest.xml:41:13-88
121            android:exported="false"
121-->[:firebase_messaging] AndroidManifest.xml:42:13-37
122            android:initOrder="99" />
122-->[:firebase_messaging] AndroidManifest.xml:43:13-35
123
124        <receiver
124-->[:flutter_local_notifications] AndroidManifest.xml:13:9-15:40
125            android:name="com.dexterous.flutterlocalnotifications.ScheduledNotificationReceiver"
125-->[:flutter_local_notifications] AndroidManifest.xml:14:13-97
126            android:exported="false" />
126-->[:flutter_local_notifications] AndroidManifest.xml:15:13-37
127        <receiver
127-->[:flutter_local_notifications] AndroidManifest.xml:16:9-25:20
128            android:name="com.dexterous.flutterlocalnotifications.ScheduledNotificationBootReceiver"
128-->[:flutter_local_notifications] AndroidManifest.xml:17:13-101
129            android:exported="false" >
129-->[:flutter_local_notifications] AndroidManifest.xml:18:13-37
130            <intent-filter>
130-->[:flutter_local_notifications] AndroidManifest.xml:19:13-24:29
131                <action android:name="android.intent.action.BOOT_COMPLETED" />
131-->[:flutter_local_notifications] AndroidManifest.xml:20:17-79
131-->[:flutter_local_notifications] AndroidManifest.xml:20:25-76
132                <action android:name="android.intent.action.MY_PACKAGE_REPLACED" />
132-->[:flutter_local_notifications] AndroidManifest.xml:21:17-84
132-->[:flutter_local_notifications] AndroidManifest.xml:21:25-81
133                <action android:name="android.intent.action.QUICKBOOT_POWERON" />
133-->[:flutter_local_notifications] AndroidManifest.xml:22:17-82
133-->[:flutter_local_notifications] AndroidManifest.xml:22:25-79
134                <action android:name="com.htc.intent.action.QUICKBOOT_POWERON" />
134-->[:flutter_local_notifications] AndroidManifest.xml:23:17-82
134-->[:flutter_local_notifications] AndroidManifest.xml:23:25-79
135            </intent-filter>
136        </receiver>
137
138        <uses-library
138-->[androidx.window:window:1.0.0-beta04] AndroidManifest.xml:25:9-27:40
139            android:name="androidx.window.extensions"
139-->[androidx.window:window:1.0.0-beta04] AndroidManifest.xml:26:13-54
140            android:required="false" />
140-->[androidx.window:window:1.0.0-beta04] AndroidManifest.xml:27:13-37
141        <uses-library
141-->[androidx.window:window:1.0.0-beta04] AndroidManifest.xml:28:9-30:40
142            android:name="androidx.window.sidecar"
142-->[androidx.window:window:1.0.0-beta04] AndroidManifest.xml:29:13-51
143            android:required="false" />
143-->[androidx.window:window:1.0.0-beta04] AndroidManifest.xml:30:13-37
144
145        <receiver
145-->[com.google.firebase:firebase-messaging:23.0.6] AndroidManifest.xml:32:9-39:20
146            android:name="com.google.firebase.iid.FirebaseInstanceIdReceiver"
146-->[com.google.firebase:firebase-messaging:23.0.6] AndroidManifest.xml:33:13-78
147            android:exported="true"
147-->[com.google.firebase:firebase-messaging:23.0.6] AndroidManifest.xml:34:13-36
148            android:permission="com.google.android.c2dm.permission.SEND" >
148-->[com.google.firebase:firebase-messaging:23.0.6] AndroidManifest.xml:35:13-73
149            <intent-filter>
149-->[:firebase_messaging] AndroidManifest.xml:28:13-30:29
150                <action android:name="com.google.android.c2dm.intent.RECEIVE" />
150-->[:firebase_messaging] AndroidManifest.xml:29:17-81
150-->[:firebase_messaging] AndroidManifest.xml:29:25-78
151            </intent-filter>
152        </receiver>
153        <!--
154             FirebaseMessagingService performs security checks at runtime,
155             but set to not exported to explicitly avoid allowing another app to call it.
156        -->
157        <service
157-->[com.google.firebase:firebase-messaging:23.0.6] AndroidManifest.xml:45:9-52:19
158            android:name="com.google.firebase.messaging.FirebaseMessagingService"
158-->[com.google.firebase:firebase-messaging:23.0.6] AndroidManifest.xml:46:13-82
159            android:directBootAware="true"
159-->[com.google.firebase:firebase-messaging:23.0.6] AndroidManifest.xml:47:13-43
160            android:exported="false" >
160-->[com.google.firebase:firebase-messaging:23.0.6] AndroidManifest.xml:48:13-37
161            <intent-filter android:priority="-500" >
161-->[:firebase_messaging] AndroidManifest.xml:19:13-21:29
162                <action android:name="com.google.firebase.MESSAGING_EVENT" />
162-->[:firebase_messaging] AndroidManifest.xml:20:17-78
162-->[:firebase_messaging] AndroidManifest.xml:20:25-75
163            </intent-filter>
164        </service>
165        <service
165-->[com.google.android.datatransport:transport-backend-cct:3.1.6] AndroidManifest.xml:29:9-35:19
166            android:name="com.google.android.datatransport.runtime.backends.TransportBackendDiscovery"
166-->[com.google.android.datatransport:transport-backend-cct:3.1.6] AndroidManifest.xml:30:13-103
167            android:exported="false" >
167-->[com.google.android.datatransport:transport-backend-cct:3.1.6] AndroidManifest.xml:31:13-37
168            <meta-data
168-->[com.google.android.datatransport:transport-backend-cct:3.1.6] AndroidManifest.xml:32:13-34:39
169                android:name="backend:com.google.android.datatransport.cct.CctBackendFactory"
169-->[com.google.android.datatransport:transport-backend-cct:3.1.6] AndroidManifest.xml:33:17-94
170                android:value="cct" />
170-->[com.google.android.datatransport:transport-backend-cct:3.1.6] AndroidManifest.xml:34:17-36
171        </service>
172        <service
172-->[com.google.android.datatransport:transport-runtime:3.1.6] AndroidManifest.xml:26:9-30:19
173            android:name="com.google.android.datatransport.runtime.scheduling.jobscheduling.JobInfoSchedulerService"
173-->[com.google.android.datatransport:transport-runtime:3.1.6] AndroidManifest.xml:27:13-117
174            android:exported="false"
174-->[com.google.android.datatransport:transport-runtime:3.1.6] AndroidManifest.xml:28:13-37
175            android:permission="android.permission.BIND_JOB_SERVICE" >
175-->[com.google.android.datatransport:transport-runtime:3.1.6] AndroidManifest.xml:29:13-69
176        </service>
177
178        <receiver
178-->[com.google.android.datatransport:transport-runtime:3.1.6] AndroidManifest.xml:32:9-34:40
179            android:name="com.google.android.datatransport.runtime.scheduling.jobscheduling.AlarmManagerSchedulerBroadcastReceiver"
179-->[com.google.android.datatransport:transport-runtime:3.1.6] AndroidManifest.xml:33:13-132
180            android:exported="false" />
180-->[com.google.android.datatransport:transport-runtime:3.1.6] AndroidManifest.xml:34:13-37
181
182        <provider
182-->[com.google.firebase:firebase-common:20.1.1] AndroidManifest.xml:26:9-31:39
183            android:name="com.google.firebase.provider.FirebaseInitProvider"
183-->[com.google.firebase:firebase-common:20.1.1] AndroidManifest.xml:27:13-77
184            android:authorities="com.dts.flutterfcm.firebaseinitprovider"
184-->[com.google.firebase:firebase-common:20.1.1] AndroidManifest.xml:28:13-72
185            android:directBootAware="true"
185-->[com.google.firebase:firebase-common:20.1.1] AndroidManifest.xml:29:13-43
186            android:exported="false"
186-->[com.google.firebase:firebase-common:20.1.1] AndroidManifest.xml:30:13-37
187            android:initOrder="100" />
187-->[com.google.firebase:firebase-common:20.1.1] AndroidManifest.xml:31:13-36
188
189        <receiver
189-->[com.google.android.gms:play-services-measurement:21.1.0] AndroidManifest.xml:29:9-33:20
190            android:name="com.google.android.gms.measurement.AppMeasurementReceiver"
190-->[com.google.android.gms:play-services-measurement:21.1.0] AndroidManifest.xml:30:13-85
191            android:enabled="true"
191-->[com.google.android.gms:play-services-measurement:21.1.0] AndroidManifest.xml:31:13-35
192            android:exported="false" >
192-->[com.google.android.gms:play-services-measurement:21.1.0] AndroidManifest.xml:32:13-37
193        </receiver>
194
195        <service
195-->[com.google.android.gms:play-services-measurement:21.1.0] AndroidManifest.xml:35:9-38:40
196            android:name="com.google.android.gms.measurement.AppMeasurementService"
196-->[com.google.android.gms:play-services-measurement:21.1.0] AndroidManifest.xml:36:13-84
197            android:enabled="true"
197-->[com.google.android.gms:play-services-measurement:21.1.0] AndroidManifest.xml:37:13-35
198            android:exported="false" />
198-->[com.google.android.gms:play-services-measurement:21.1.0] AndroidManifest.xml:38:13-37
199        <service
199-->[com.google.android.gms:play-services-measurement:21.1.0] AndroidManifest.xml:39:9-43:72
200            android:name="com.google.android.gms.measurement.AppMeasurementJobService"
200-->[com.google.android.gms:play-services-measurement:21.1.0] AndroidManifest.xml:40:13-87
201            android:enabled="true"
201-->[com.google.android.gms:play-services-measurement:21.1.0] AndroidManifest.xml:41:13-35
202            android:exported="false"
202-->[com.google.android.gms:play-services-measurement:21.1.0] AndroidManifest.xml:42:13-37
203            android:permission="android.permission.BIND_JOB_SERVICE" />
203-->[com.google.android.gms:play-services-measurement:21.1.0] AndroidManifest.xml:43:13-69
204
205        <activity
205-->[com.google.android.gms:play-services-base:18.0.1] AndroidManifest.xml:20:9-22:45
206            android:name="com.google.android.gms.common.api.GoogleApiActivity"
206-->[com.google.android.gms:play-services-base:18.0.1] AndroidManifest.xml:20:19-85
207            android:exported="false"
207-->[com.google.android.gms:play-services-base:18.0.1] AndroidManifest.xml:22:19-43
208            android:theme="@android:style/Theme.Translucent.NoTitleBar" />
208-->[com.google.android.gms:play-services-base:18.0.1] AndroidManifest.xml:21:19-78
209
210        <meta-data
210-->[com.google.android.gms:play-services-basement:18.0.0] AndroidManifest.xml:21:9-23:69
211            android:name="com.google.android.gms.version"
211-->[com.google.android.gms:play-services-basement:18.0.0] AndroidManifest.xml:22:13-58
212            android:value="@integer/google_play_services_version" />
212-->[com.google.android.gms:play-services-basement:18.0.0] AndroidManifest.xml:23:13-66
213    </application>
214
215</manifest>